d:\documents\visual studio 2015\projects\3dshow\gui\x64\debug\vc140.pdb
d:\documents\visual studio 2015\projects\3dshow\gui\x64\debug\singleapplication.obj
d:\documents\visual studio 2015\projects\3dshow\gui\x64\debug\showwidget.obj
d:\documents\visual studio 2015\projects\3dshow\gui\x64\debug\painter.obj
d:\documents\visual studio 2015\projects\3dshow\gui\x64\debug\multishowarea.obj
d:\documents\visual studio 2015\projects\3dshow\gui\x64\debug\mainwindow.obj
d:\documents\visual studio 2015\projects\3dshow\gui\x64\debug\main.obj
d:\documents\visual studio 2015\projects\3dshow\gui\x64\debug\imagepainter.obj
d:\documents\visual studio 2015\projects\3dshow\gui\x64\debug\moc_singleapplication.obj
d:\documents\visual studio 2015\projects\3dshow\gui\x64\debug\moc_showwidget.obj
d:\documents\visual studio 2015\projects\3dshow\gui\x64\debug\moc_multishowarea.obj
d:\documents\visual studio 2015\projects\3dshow\gui\x64\debug\moc_mainwindow.obj
d:\documents\visual studio 2015\projects\3dshow\gui\x64\debug\moc_deviceswidget.obj
d:\documents\visual studio 2015\projects\3dshow\gui\x64\debug\framepainter.obj
d:\documents\visual studio 2015\projects\3dshow\gui\x64\debug\deviceswidget.obj
d:\documents\visual studio 2015\projects\3dshow\gui\x64\debug\qrc_gui.obj
d:\documents\visual studio 2015\projects\3dshow\gui\generatedfiles\qrc_gui.cpp
d:\documents\visual studio 2015\projects\3dshow\gui\generatedfiles\ui_mainwindow.h
d:\documents\visual studio 2015\projects\3dshow\gui\generatedfiles\debug\moc_singleapplication.cpp
d:\documents\visual studio 2015\projects\3dshow\gui\generatedfiles\debug\moc_deviceswidget.cpp
d:\documents\visual studio 2015\projects\3dshow\gui\generatedfiles\debug\moc_showwidget.cpp
d:\documents\visual studio 2015\projects\3dshow\gui\generatedfiles\debug\moc_multishowarea.cpp
d:\documents\visual studio 2015\projects\3dshow\gui\generatedfiles\debug\moc_mainwindow.cpp
d:\documents\visual studio 2015\projects\3dshow\x64\debug\gui.ilk
d:\documents\visual studio 2015\projects\3dshow\x64\debug\gui.exe
d:\documents\visual studio 2015\projects\3dshow\x64\debug\gui.pdb
d:\documents\visual studio 2015\projects\3dshow\gui\x64\debug\gui.tlog\cl.command.1.tlog
d:\documents\visual studio 2015\projects\3dshow\gui\x64\debug\gui.tlog\cl.read.1.tlog
d:\documents\visual studio 2015\projects\3dshow\gui\x64\debug\gui.tlog\cl.write.1.tlog
d:\documents\visual studio 2015\projects\3dshow\gui\x64\debug\gui.tlog\custombuild.command.1.tlog
d:\documents\visual studio 2015\projects\3dshow\gui\x64\debug\gui.tlog\custombuild.read.1.tlog
d:\documents\visual studio 2015\projects\3dshow\gui\x64\debug\gui.tlog\custombuild.write.1.tlog
d:\documents\visual studio 2015\projects\3dshow\gui\x64\debug\gui.tlog\link.command.1.tlog
d:\documents\visual studio 2015\projects\3dshow\gui\x64\debug\gui.tlog\link.read.1.tlog
d:\documents\visual studio 2015\projects\3dshow\gui\x64\debug\gui.tlog\link.write.1.tlog
